ď»ż
> gametrend@0.1.0 build
> next build

  Ă”Ă»â–“ Next.js 14.2.29
  - Environments: .env.local

   Creating an optimized production build ...
 Ă”ÂŁĂ´ (pwa) Compiling for server...
 Ă”ÂŁĂ´ (pwa) Compiling for server...
 Ă”ÂŁĂ´ (pwa) Compiling for client (static)...
 Ă”ĂąĂŻ (pwa) Service worker: C:\Users\Quentin\Desktop\AieZen\gametrend\public\sw.js
 Ă”ĂąĂŻ (pwa)   URL: /sw.js
 Ă”ĂąĂŻ (pwa)   Scope: /
node.exe : <w> [webpack.cache.PackFileCacheStrategy] Serializing big strings (215kiB) impacts deserialization 
performance (consider using Buffer instead and decode when needed)
Au caractĂ¨re Ligne:1 : 1
+ & "C:\Program Files\nodejs/node.exe" "C:\Program Files\nodejs/node_mo ...
+ ~~~~~~~~~~~~~~~~~~~~~~~~~~~~~~~~~~~~~~~~~~~~~~~~~~~~~~~~~~~~~~~~~~~~~
    + CategoryInfo          : NotSpecified: (<w> [webpack.ca...de when needed):String) [], RemoteException
    + FullyQualifiedErrorId : NativeCommandError
 
 Ă”ÂŁĂ´ Compiled successfully
   Skipping validation of types
   Skipping linting
   Collecting page data ...
   Generating static pages (0/39) ...
   Generating static pages (9/39) 
   Generating static pages (19/39) 
   Generating static pages (29/39) 
 Ă”ÂŁĂ´ Generating static pages (39/39)
   Finalizing page optimization ...
   Collecting build traces ...

Route (app)                                  Size     First Load JS
Ă”Ă¶Ă® Ă”ĂąĂŻ /_not-found                              873 B          90.3 kB
Ă”Ă¶ÂŁ Ă”ĂąĂ… /[locale]                                4.73 kB         229 kB
Ă”Ă¶ÂŁ   Ă”Ă¶ÂŁ /fr
Ă”Ă¶ÂŁ   Ă”Ă¶Ă¶ /en
Ă”Ă¶ÂŁ Ă”ĂąĂ… /[locale]/auth/login                     2.7 kB          212 kB
Ă”Ă¶ÂŁ   Ă”Ă¶ÂŁ /fr/auth/login
Ă”Ă¶ÂŁ   Ă”Ă¶Ă¶ /en/auth/login
Ă”Ă¶ÂŁ Ă”ĂąĂ… /[locale]/auth/signup                    3.97 kB         217 kB
Ă”Ă¶ÂŁ   Ă”Ă¶ÂŁ /fr/auth/signup
Ă”Ă¶ÂŁ   Ă”Ă¶Ă¶ /en/auth/signup
Ă”Ă¶ÂŁ Ă”ĂąĂ… /[locale]/friends                        3.06 kB         225 kB
Ă”Ă¶ÂŁ   Ă”Ă¶ÂŁ /fr/friends
Ă”Ă¶ÂŁ   Ă”Ă¶Ă¶ /en/friends
Ă”Ă¶ÂŁ Ă”ĂąĂ… /[locale]/games/dyp                      3.2 kB          228 kB
Ă”Ă¶ÂŁ   Ă”Ă¶ÂŁ /fr/games/dyp
Ă”Ă¶ÂŁ   Ă”Ă¶Ă¶ /en/games/dyp
Ă”Ă¶ÂŁ Ă”ĂąĂ… /[locale]/games/dyp/play                 5.85 kB         222 kB
Ă”Ă¶ÂŁ   Ă”Ă¶ÂŁ /fr/games/dyp/play
Ă”Ă¶ÂŁ   Ă”Ă¶Ă¶ /en/games/dyp/play
Ă”Ă¶ÂŁ Ă”ĂąĂ… /[locale]/games/ghostword                3.6 kB          228 kB
Ă”Ă¶ÂŁ   Ă”Ă¶ÂŁ /fr/games/ghostword
Ă”Ă¶ÂŁ   Ă”Ă¶Ă¶ /en/games/ghostword
Ă”Ă¶ÂŁ Ă”ĂąĂ… /[locale]/games/ghostword/online         3.39 kB         225 kB
Ă”Ă¶ÂŁ   Ă”Ă¶ÂŁ /fr/games/ghostword/online
Ă”Ă¶ÂŁ   Ă”Ă¶Ă¶ /en/games/ghostword/online
Ă”Ă¶ÂŁ ĂŁĂ† /[locale]/games/ghostword/online/[code]  14.5 kB         233 kB
Ă”Ă¶ÂŁ Ă”ĂąĂ… /[locale]/games/ghostword/play           9.44 kB         226 kB
Ă”Ă¶ÂŁ   Ă”Ă¶ÂŁ /fr/games/ghostword/play
Ă”Ă¶ÂŁ   Ă”Ă¶Ă¶ /en/games/ghostword/play
Ă”Ă¶ÂŁ Ă”ĂąĂ… /[locale]/home                           2.48 kB         224 kB
Ă”Ă¶ÂŁ   Ă”Ă¶ÂŁ /fr/home
Ă”Ă¶ÂŁ   Ă”Ă¶Ă¶ /en/home
Ă”Ă¶ÂŁ ĂŁĂ† /[locale]/join/[code]                    286 B           112 kB
Ă”Ă¶ÂŁ Ă”ĂąĂ… /[locale]/legal/cgu                      153 B          89.6 kB
Ă”Ă¶ÂŁ   Ă”Ă¶ÂŁ /fr/legal/cgu
Ă”Ă¶ÂŁ   Ă”Ă¶Ă¶ /en/legal/cgu
Ă”Ă¶ÂŁ Ă”ĂąĂ… /[locale]/legal/cgv                      153 B          89.6 kB
Ă”Ă¶ÂŁ   Ă”Ă¶ÂŁ /fr/legal/cgv
Ă”Ă¶ÂŁ   Ă”Ă¶Ă¶ /en/legal/cgv
Ă”Ă¶ÂŁ Ă”ĂąĂ… /[locale]/legal/mentions                 153 B          89.6 kB
Ă”Ă¶ÂŁ   Ă”Ă¶ÂŁ /fr/legal/mentions
Ă”Ă¶ÂŁ   Ă”Ă¶Ă¶ /en/legal/mentions
Ă”Ă¶ÂŁ Ă”ĂąĂ… /[locale]/legal/privacy                  153 B          89.6 kB
Ă”Ă¶ÂŁ   Ă”Ă¶ÂŁ /fr/legal/privacy
Ă”Ă¶ÂŁ   Ă”Ă¶Ă¶ /en/legal/privacy
Ă”Ă¶ÂŁ Ă”ĂąĂ… /[locale]/presets                        3.32 kB         228 kB
Ă”Ă¶ÂŁ   Ă”Ă¶ÂŁ /fr/presets
Ă”Ă¶ÂŁ   Ă”Ă¶Ă¶ /en/presets
Ă”Ă¶ÂŁ ĂŁĂ† /[locale]/presets/[id]                   5.7 kB          227 kB
Ă”Ă¶ÂŁ ĂŁĂ† /[locale]/presets/[id]/edit              2.1 kB          251 kB
Ă”Ă¶ÂŁ Ă”ĂąĂ… /[locale]/presets/new                    1.6 kB          253 kB
Ă”Ă¶ÂŁ   Ă”Ă¶ÂŁ /fr/presets/new
Ă”Ă¶ÂŁ   Ă”Ă¶Ă¶ /en/presets/new
Ă”Ă¶ÂŁ Ă”ĂąĂ… /[locale]/profile                        7.14 kB         255 kB
Ă”Ă¶ÂŁ   Ă”Ă¶ÂŁ /fr/profile
Ă”Ă¶ÂŁ   Ă”Ă¶Ă¶ /en/profile
Ă”Ă¶ÂŁ ĂŁĂ† /[locale]/profile/[id]                   3.8 kB          228 kB
Ă”Ă¶ÂŁ ĂŁĂ† /[locale]/profile/[id]/followers         1.83 kB         223 kB
Ă”Ă¶ÂŁ ĂŁĂ† /[locale]/profile/[id]/following         1.84 kB         223 kB
Ă”Ă¶ÂŁ ĂŁĂ† /api/auth/set-session                    0 B                0 B
Ă”Ă¶Ă¶ ĂŁĂ† /auth/callback                           0 B                0 B
+ First Load JS shared by all                89.5 kB
  Ă”Ă¶ÂŁ chunks/997-a09c8240f66bfee9.js           33.9 kB
  Ă”Ă¶ÂŁ chunks/fd9d1056-e45cea2c9d0f2b6e.js      53.6 kB
  Ă”Ă¶Ă¶ other shared chunks (total)              1.96 kB


ĂŁĂ† Middleware                                 91.2 kB

Ă”ĂąĂŻ  (Static)   prerendered as static content
Ă”ĂąĂ…  (SSG)      prerendered as static HTML (uses getStaticProps)
ĂŁĂ†  (Dynamic)  server-rendered on demand

